Generating claim 207-1321 for DUFER ALFREDO QUIONEZ on 2018-10-22 17:33.
*** Billing facility has no NPI.
*** No billing facility NPI and/or ETIN.
*** Error: Insurance information is missing!
*** CMS ID is missing for payer ''.
*** Rendering provider is billing under a group.
*** Skipping 2310B because VALAREZO M.,PAL has invalid NPI.
*** Supervising provider has invalid last name.
*** Rendering provider has no NPI.
*** Rendering provider has no NPI.
*** Rendering provider has no NPI.

Generating claim 207-1321 for DUFER ALFREDO QUIONEZ on 2018-10-22 17:33.
*** Billing facility has no NPI.
*** No billing facility NPI and/or ETIN.
*** Error: Insurance information is missing!
*** CMS ID is missing for payer ''.
*** Rendering provider is billing under a group.
*** Skipping 2310B because VALAREZO M.,PAL has invalid NPI.
*** Supervising provider has invalid last name.
*** Rendering provider has no NPI.
*** Rendering provider has no NPI.
*** Rendering provider has no NPI.

Generating claim 207-1321 for DUFER ALFREDO QUIONEZ on 2018-10-22 17:34.
*** Billing facility has no NPI.
*** No billing facility NPI and/or ETIN.
*** Error: Insurance information is missing!
*** CMS ID is missing for payer ''.
*** Rendering provider is billing under a group.
*** Skipping 2310B because VALAREZO M.,PAL has invalid NPI.
*** Supervising provider has invalid last name.
*** Rendering provider has no NPI.
*** Rendering provider has no NPI.
*** Rendering provider has no NPI.

Generating HCFA claim 207-1321 for DUFER ALFREDO QUIONEZ on 2018-10-22 17:34.

Generating HCFA claim 2-104 for JORGE LUIS DE VERA on 2018-11-09 08:55.
*** Procedure '67036:51' is not justified!

Generating HCFA claim 1286-5174 for JUANA ERLINDA CEVALLOS on 2019-02-07 08:56.
*** Procedure '67036' is not justified!
*** Procedure '' is not justified!
*** Procedure '67036' is not justified!
*** Procedure '0001' is not justified!
*** Procedure '0002' is not justified!
*** Procedure '0003' is not justified!
*** Procedure '0004' is not justified!
*** Procedure '0005' is not justified!
*** Procedure '0006' is not justified!
*** Procedure '0008' is not justified!
*** Procedure '0007' is not justified!
*** Procedure '0009' is not justified!
*** Procedure '0012' is not justified!
*** Procedure '0013' is not justified!
*** Procedure '0016' is not justified!

Generating HCFA claim 1286-5174 for JUANA ERLINDA CEVALLOS on 2019-02-07 09:18.
*** Procedure '67036' is not justified!
*** Procedure '67039' is not justified!
*** Procedure '66850' is not justified!
*** Procedure '67041' is not justified!
*** Procedure '68200' is not justified!
*** Procedure '67036' is not justified!
*** Procedure '' is not justified!
*** Procedure '67036' is not justified!
*** Procedure '394255' is not justified!
*** Procedure '395281' is not justified!
*** Procedure '396265' is not justified!
*** Procedure '800014' is not justified!
*** Procedure '800011' is not justified!
*** Procedure '800016' is not justified!
*** Procedure '700002' is not justified!
*** Procedure '700027' is not justified!
*** Procedure '0001' is not justified!
*** Procedure '0002' is not justified!
*** Procedure '0003' is not justified!
*** Procedure '0004' is not justified!
*** Procedure '0005' is not justified!
*** Procedure '0006' is not justified!
*** Procedure '0008' is not justified!
*** Procedure '0007' is not justified!
*** Procedure '0009' is not justified!
*** Procedure '0012' is not justified!
*** Procedure '0013' is not justified!
*** Procedure '0016' is not justified!

*** Info: Using saved edited claim.*** Info: Using saved edited claim.Generating HCFA claim 621-1684 for AMIDIO BECIDILIO BASURTO on 2019-02-07 10:02.

Generating HCFA claim 1344-5277 for JOSE LUIS BECERRA on 2019-02-08 08:36.

Generating HCFA claim 1344-5277 for JOSE LUIS BECERRA on 2019-02-08 08:36.

Generating HCFA claim 961-5292 for ALBA ELIZABETH PANTOJA on 2019-02-08 08:36.
*** Procedure '66982' is not justified!
*** Procedure '66020' is not justified!
*** Procedure '68200' is not justified!
*** Procedure '66982' is not justified!
*** Procedure '66020' is not justified!
*** Procedure '68200' is not justified!
*** Procedure '66982' is not justified!
*** Procedure '' is not justified!
*** Procedure '394233' is not justified!
*** Procedure '395281' is not justified!
*** Procedure '396243' is not justified!
*** Procedure '800014' is not justified!
*** Procedure '800016' is not justified!
*** Procedure '700027' is not justified!
*** Procedure '0001' is not justified!
*** Procedure '0002' is not justified!
*** Procedure '0003' is not justified!
*** Procedure '0004' is not justified!
*** Procedure '0005' is not justified!
*** Procedure '0006' is not justified!
*** Procedure '0007' is not justified!
*** Procedure '0008' is not justified!
*** Procedure '0009' is not justified!
*** Procedure '0012' is not justified!
*** Procedure '0020' is not justified!
*** Procedure '0021' is not justified!
*** Procedure '0022' is not justified!
*** Procedure '0023' is not justified!
*** Procedure '0024' is not justified!
*** Procedure '281186' is not justified!
*** Procedure '76519' is not justified!

Generating HCFA claim 1344-5277 for JOSE LUIS BECERRA on 2019-02-08 08:39.

Generating HCFA claim 1344-5277 for JOSE LUIS BECERRA on 2019-02-08 08:44.

Generating HCFA claim 1344-5277 for JOSE LUIS BECERRA on 2019-02-08 08:45.

Generating HCFA claim 1344-5277 for JOSE LUIS BECERRA on 2019-02-08 08:49.

Generating HCFA claim 1344-5277 for JOSE LUIS BECERRA on 2019-02-08 08:51.

Generating HCFA claim 1344-5277 for JOSE LUIS BECERRA on 2019-02-08 08:54.

Generating HCFA claim 1344-5277 for LUIS BECERRA on 2019-02-08 09:44.

Generating HCFA claim 1344-5277 for LUIS BECERRA on 2019-02-08 09:45.

Generating HCFA claim 1344-5277 for JOSE LUIS BECERRA on 2019-02-08 09:47.

Generating HCFA claim 290-449 for JOSE HUMBERTO TORRES on 2019-02-08 09:53.
*** Procedure '281032.' is not justified!

Generating HCFA claim 1344-5277 for JOSE LUIS BECERRA on 2019-02-08 09:54.

Generating HCFA claim 1344-5277 for JOSE LUIS BECERRA on 2019-02-08 09:54.

Generating HCFA claim 1344-5277 for JOSE LUIS BECERRA on 2019-02-08 09:56.

Generating HCFA claim 1344-5277 for JOSE LUIS BECERRA on 2019-02-08 10:32.

Generating HCFA claim 1344-5277 for JOSE LUIS BECERRA on 2019-02-08 10:34.

Generating HCFA claim 1344-5277 for JOSE LUIS BECERRA on 2019-02-08 10:34.

Generating HCFA claim 1344-5277 for JOSE LUIS BECERRA on 2019-02-08 10:38.

Generating HCFA claim 1344-5277 for JOSE LUIS BECERRA on 2019-02-08 10:40.

Generating HCFA claim 1344-5277 for JOSE LUIS BECERRA on 2019-02-08 10:52.

Generating HCFA claim 1344-5277 for JOSE LUIS BECERRA on 2019-02-08 11:02.

Generating HCFA claim 1344-5277 for JOSE LUIS BECERRA on 2019-02-08 11:50.

Generating HCFA claim 1344-5277 for JOSE LUIS BECERRA on 2019-02-08 11:53.

Generating HCFA claim 1344-5277 for <html xmlns:x="urn:schemas-microsoft-com:office:excel">
        <head>
            <!--[if gte mso 9]>
            <xml>
                <x:ExcelWorkbook>
                    <x:ExcelWorksheets>
                        <x:ExcelWorksheet>
                            <x:Name>Prefactura1344 5277 </x:Name>
                            <x:WorksheetOptions>
                                <x:Print>
                                    <x:ValidPrinterInfo/>
                                </x:Print>
                            </x:WorksheetOptions>
                        </x:ExcelWorksheet>
                    </x:ExcelWorksheets>
                </x:ExcelWorkbook>
            </xml>
            <![endif]-->
        </head>Generating claim 1481-5758 for CIRILA ANATOLIA CORTEZ on 2019-02-15 09:42.
*** Billing facility has no NPI.
*** No billing facility NPI and/or ETIN.
*** Error: Insurance information is missing!
*** CMS ID is missing for payer ''.
*** Rendering provider is billing under a group.
*** Skipping 2310B because PLIT MACIAS,MARIO has invalid NPI.
*** Supervising provider has invalid last name.
*** Procedure '281021' is not justified!
*** Procedure '281032' is not justified!

Generating 837I claim 1481-5758 for CIRILA ANATOLIA CORTEZ on 2019-02-15 09:47.
*** Billing facility has no NPI.
*** No billing facility NPI and/or ETIN.
*** Error: Insurance information is missing!
*** CMS ID is missing for payer ''.
*** Skipping 2310B because PLIT MACIAS,MARIO has invalid NPI.
*** Error: Missing Revenue Code for 281021!
*** Error: Missing Revenue Code for 281032!

Generating claim 1628-6376 for MARCOS FELICIANO ARISTEGA on 2019-04-02 09:18.
*** Billing facility has no NPI.
*** No billing facility NPI and/or ETIN.
*** Error: Insurance information is missing!
*** CMS ID is missing for payer ''.
*** Rendering provider is billing under a group.
*** Skipping 2310B because GRCES PALACIOS,MANUEL has invalid NPI.
*** Supervising provider has invalid last name.
*** Procedure '67036' is not justified!
*** Procedure '67105' is not justified!
*** Procedure '67031' is not justified!
*** Procedure '67028' is not justified!
*** Procedure '68200' is not justified!
*** Procedure '67036' is not justified!
*** Rendering provider has no NPI.
*** Procedure '67031' is not justified!
*** Rendering provider has no NPI.
*** Procedure '67105' is not justified!
*** Rendering provider has no NPI.
*** Procedure '67028' is not justified!
*** Rendering provider has no NPI.
*** Procedure '68200' is not justified!
*** Rendering provider has no NPI.
*** Procedure '67036' is not justified!
*** Rendering provider has no NPI.
*** Procedure '' is not justified!
*** Rendering provider has no NPI.
*** Procedure '394255' is not justified!
*** Procedure '395281' is not justified!
*** Procedure '396265' is not justified!
*** Procedure '0001' is not justified!
*** Procedure '0002' is not justified!
*** Procedure '0003' is not justified!
*** Procedure '0004' is not justified!
*** Procedure '0005' is not justified!
*** Procedure '0006' is not justified!
*** Procedure '0007' is not justified!
*** Procedure '0008' is not justified!
*** Procedure '0009' is not justified!
*** Procedure '0017' is not justified!
*** Procedure '0018' is not justified!
*** Procedure '800014' is not justified!
*** Procedure '700027' is not justified!
*** Procedure '800016' is not justified!
*** Procedure '700002' is not justified!
*** Procedure '800011' is not justified!
*** Procedure '0012' is not justified!
*** Procedure '0013' is not justified!
*** Procedure '0014' is not justified!
*** Procedure '0015' is not justified!
*** Procedure '0016' is not justified!
*** Procedure '92002' is not justified!

